\o Program:		@(#)$CDS: libManager version 23.1 - CAT38 12/12/2024 16:47 (cpgbld16) $
\o Sub version:		sub-version  s121 
\o Arguments:		-mpssession virtuoso665439 -mpshost ropartz -masterPID 665439 -ADVM 
\o Working Directory:	ropartz:/users/enseig/galayko/cours_EACN/projet/cadence_ihp_sg13g2/cds
\o 64-bit offsets
\o Qt version: 		5.15.9
\o Log file is "/users/enseig/galayko/cours_EACN/projet/cadence_ihp_sg13g2/cds/libManager.log".
\o Opening libManager window.
\a nrSetCurrentWindow(cdsLibManager)
\o Loading customization file "./cdsLibMgr.il"
\o loading cdsLibMgr.il file...
\a nrResizeWindow(cdsLibManager list(498 406 948 722))
\o MPS virtuoso types registered: 68
\w Warning: ddiAddLibToOA: Can't access library 'tmp' at path '/users/cao/galayko/cadence_ihp_sg13g2/cds/tmp' in OA 2.2.
\w OA Exception is: 'Received exception from oaDMFileSys plug-in when accessing library tmp: #9005: Failed to open the library description file: .oalib in /users/cao/galayko/cadence_ihp_sg13g2/cds/tmp..'
\o changeWorkingDir("/users/enseig/galayko/cours_EACN/projet/cadence_ihp_sg13g2/cds") unnecessary.
\o ddSetForcedLib("") unnecessary.
\o Session hidden cells enabled.
\o MPS service: map window
\w Warning: ddiAddLibToOA: Can't access library 'tmp' at path '/users/cao/galayko/cadence_ihp_sg13g2/cds/tmp' in OA 2.2.
\w OA Exception is: 'Received exception from oaDMFileSys plug-in when accessing library tmp: #9005: Failed to open the library description file: .oalib in /users/cao/galayko/cadence_ihp_sg13g2/cds/tmp..'
\o Library Manager customization server connected.
\w Warning: ddiAddLibToOA: Can't access library 'tmp' at path '/users/cao/galayko/cadence_ihp_sg13g2/cds/tmp' in OA 2.2.
\w OA Exception is: 'Received exception from oaDMFileSys plug-in when accessing library tmp: #9005: Failed to open the library description file: .oalib in /users/cao/galayko/cadence_ihp_sg13g2/cds/tmp..'
\a cdsLibManager->libListBox->value = "project_EACN_SESI"
\a cdsLibManager->libLineEdit->value = "project_EACN_SESI"
\a cdsLibManager->cellListBox->value = "ADC_SAR"
\a cdsLibManager->cellLineEdit->value = "ADC_SAR"
\a cdsLibManager->viewListBox->value = "maestro"
\a cdsLibManager->viewLineEdit->value = "maestro"
\a cdsLibManager->viewListBox->value = "schematic"
\a cdsLibManager->viewLineEdit->value = "schematic"
\a cdsLibManager->viewListBox->value = "maestro"
\a cdsLibManager->viewLineEdit->value = "maestro"
\o MPS request: open design readonly
\a nrListItemAction(cdsLibManager->gdmXTView 1 1)
\a nrSetCurrentWindow(cdsLibManager)
\a nrSetCurrentWindow(cdsLibManager)
\a nrSetWindowVisibility(cdsLibManager "hide")
\a nrSetWindowVisibility(cdsLibManager "show")
\a nrSetCurrentWindow(cdsLibManager)
\a cdsLibManager->libListBox->value = "SG13_TechnologyModules"
\a cdsLibManager->libLineEdit->value = "SG13_TechnologyModules"
\a cdsLibManager->cellLineEdit->value = ""
\a cdsLibManager->cellListBox->value = nil
\a cdsLibManager->viewLineEdit->value = ""
\a cdsLibManager->viewListBox->value = nil
\a cdsLibManager->libListBox->value = "cours_EACN_SESI"
\a cdsLibManager->libLineEdit->value = "cours_EACN_SESI"
\a cdsLibManager->cellListBox->value = "comparator"
\a cdsLibManager->cellLineEdit->value = "comparator"
\a cdsLibManager->viewListBox->value = "maestro"
\a cdsLibManager->viewLineEdit->value = "maestro"
\a cdsLibManager->viewListBox->value = "schematic"
\a cdsLibManager->viewLineEdit->value = "schematic"
\o MPS request: open design readonly
\a nrListItemAction(cdsLibManager->gdmXTView 1 7)
\a cdsLibManager->libListBox->value = nil
\a cdsLibManager->libLineEdit->value = ""
\a cdsLibManager->cellListBox->value = nil
\a cdsLibManager->viewLineEdit->value = ""
\a cdsLibManager->viewListBox->value = nil
\a cdsLibManager->cellLineEdit->value = ""
\w Warning: ddiAddLibToOA: Can't access library 'tmp' at path '/users/cao/galayko/cadence_ihp_sg13g2/cds/tmp' in OA 2.2.
\w OA Exception is: 'Received exception from oaDMFileSys plug-in when accessing library tmp: #9005: Failed to open the library description file: .oalib in /users/cao/galayko/cadence_ihp_sg13g2/cds/tmp..'
\a cdsLibManager->libListBox->value = "cours_EACN_SESI"
\a cdsLibManager->libLineEdit->value = "cours_EACN_SESI"
\a cdsLibManager->cellListBox->value = "comparator"
\a cdsLibManager->cellLineEdit->value = "comparator"
\a cdsLibManager->viewListBox->value = "schematic"
\a cdsLibManager->viewLineEdit->value = "schematic"
\a cdsLibManager->cellLineEdit->value = ""
\a cdsLibManager->cellListBox->value = nil
\a cdsLibManager->viewLineEdit->value = ""
\a cdsLibManager->viewListBox->value = nil
\a cdsLibManager->cellListBox->value = "comparator"
\a cdsLibManager->cellLineEdit->value = "comparator"
\a cdsLibManager->viewListBox->value = "schematic"
\a cdsLibManager->viewLineEdit->value = "schematic"
\a cdsLibManager->viewLineEdit->value = ""
\a cdsLibManager->viewListBox->value = nil
\a cdsLibManager->viewListBox->value = "schematic"
\a cdsLibManager->viewLineEdit->value = "schematic"
\a cdsLibManager->viewLineEdit->value = ""
\a cdsLibManager->viewListBox->value = nil
\a cdsLibManager->viewListBox->value = "schematic"
\a cdsLibManager->viewLineEdit->value = "schematic"
\a nrSetCurrentWindow(cdsLibManager)
\a nrSetCurrentWindow(cdsLibManager)
\a nrSetCurrentWindow(cdsLibManager)
\a cdsLibManager->viewListBox->value = "maestro"
\a cdsLibManager->viewLineEdit->value = "maestro"
\o MPS request: open design readonly
\a nrListItemAction(cdsLibManager->gdmXTView 0 1)
\a nrSetCurrentWindow(cdsLibManager)
\a nrSetCurrentWindow(cdsLibManager)
\a cdsLibManager->viewListBox->value = "schematic"
\a cdsLibManager->viewLineEdit->value = "schematic"
\o MPS request: open design readonly
\a nrListItemAction(cdsLibManager->gdmXTView 1 7)
\a nrSetCurrentWindow(cdsLibManager)
\a cdsLibManager->viewListBox->value = nil
\a cdsLibManager->viewLineEdit->value = ""
\a cdsLibManager->viewListBox->value = "schematic"
\a cdsLibManager->viewLineEdit->value = "schematic"
\o MPS request: open design readonly
\a nrListItemAction(cdsLibManager->gdmXTView 1 7)
\a nrSetCurrentWindow(cdsLibManager)
\a nrSetCurrentWindow(cdsLibManager)
\a cdsLibManager->libListBox->value = nil
\a cdsLibManager->libLineEdit->value = ""
\a cdsLibManager->cellListBox->value = nil
\a cdsLibManager->viewLineEdit->value = ""
\a cdsLibManager->viewListBox->value = nil
\a cdsLibManager->cellLineEdit->value = ""
\w Warning: ddiAddLibToOA: Can't access library 'tmp' at path '/users/cao/galayko/cadence_ihp_sg13g2/cds/tmp' in OA 2.2.
\w OA Exception is: 'Received exception from oaDMFileSys plug-in when accessing library tmp: #9005: Failed to open the library description file: .oalib in /users/cao/galayko/cadence_ihp_sg13g2/cds/tmp..'
\a cdsLibManager->libListBox->value = "cours_EACN_SESI"
\a cdsLibManager->libLineEdit->value = "cours_EACN_SESI"
\a cdsLibManager->cellListBox->value = "comparator"
\a cdsLibManager->cellLineEdit->value = "comparator"
\a cdsLibManager->viewListBox->value = "schematic"
\a cdsLibManager->viewLineEdit->value = "schematic"
\a cdsLibManager->cellLineEdit->value = ""
\a cdsLibManager->cellListBox->value = nil
\a cdsLibManager->viewLineEdit->value = ""
\a cdsLibManager->viewListBox->value = nil
\a cdsLibManager->cellListBox->value = "comparator"
\a cdsLibManager->cellLineEdit->value = "comparator"
\a cdsLibManager->viewListBox->value = "schematic"
\a cdsLibManager->viewLineEdit->value = "schematic"
\a cdsLibManager->viewLineEdit->value = ""
\a cdsLibManager->viewListBox->value = nil
\a cdsLibManager->viewListBox->value = "schematic"
\a cdsLibManager->viewLineEdit->value = "schematic"
\a cdsLibManager->viewLineEdit->value = ""
\a cdsLibManager->viewListBox->value = nil
\a cdsLibManager->viewListBox->value = "schematic"
\a cdsLibManager->viewLineEdit->value = "schematic"
\a nrSetCurrentWindow(cdsLibManager)
\a nrSetWindowVisibility(cdsLibManager "hide")
\a nrSetWindowVisibility(cdsLibManager "show")
\a nrSetCurrentWindow(cdsLibManager)
\a cdsLibManager->viewListBox->value = nil
\a cdsLibManager->viewLineEdit->value = ""
\a cdsLibManager->viewListBox->value = "schematic"
\a cdsLibManager->viewLineEdit->value = "schematic"
\o MPS request: open design readonly
\a nrListItemAction(cdsLibManager->gdmXTView 1 1)
\a nrSetCurrentWindow(cdsLibManager)
\a nrSetWindowVisibility(cdsLibManager "hide")
\a _lmgrCloseIconify("cdsLibManager" 1)
