\o Program:		@(#)$CDS: cdsLibEditor version 23.1 - CAT38 12/12/2024 16:47 (cpgbld16) $
\o Sub version:		sub-version  s121 
\o Arguments:		-display :0 -mpssession virtuoso170431 -mpshost brahms -mpsversion 23.1 -namespace CDBA -cdslib /users/enseig/carbou/Documents/S2/EACN/Projet/cadence_ihp_sg13g2/cds/cds.lib 
\o Working Directory:	brahms:/users/enseig/carbou/Documents/S2/EACN/Projet/cadence_ihp_sg13g2/cds
\o 64-bit offsets
\a nrSetWindowVisibility(cdsLibEditor "show")
\o Qt version: 		5.15.9
\a nrSetCurrentWindow(cdsLibEditor)
\a nrListItemAction(cdsLibEditor->mainTable 0 0)
\o Active cell: 0 0 "cdsDefTechLib"
\a nrResizeWindow(cdsLibEditor list(21 49 500 400))
\a nrListItemAction(cdsLibEditor->mainTable 41 0)
\o Active cell: 41 0 ""
\a nrListItemAction(cdsLibEditor->mainTable 40 0)
\o Active cell: 40 0 "project_EACN_SESI"
\a nrListItemAction(cdsLibEditor->mainTable 41 0)
\o Active cell: 41 0 ""
\a nrListItemRename(cdsLibEditor->mainTable, 41 0 "project_EACN_SESI_students")
\a nrListItemAction(cdsLibEditor->mainTable 41 1)
\o Active cell: 41 1 ""
\a nrSetCurrentWindow(cdsLibEditor)
\a nrListItemRename(cdsLibEditor->mainTable, 41 1 "~galayko/cours_EACN/projet/cadence_ihp_sg13g2/cds/project_EACN_SESI_students/")
\a nrListItemAction(cdsLibEditor->mainTable 42 0)
\o Active cell: 42 0 ""
\a cdsLibEditor->fileSaveButton->value = t
\a nrResizeWindow(cdsLibEditor list(478 135 500 400))
\a exit(0)
