[Logging Service: 19]
[2026-04-02 23:29:52.299 +0200] [INFO] [cadence.virtuoso.ade.loggingservice] - HistoryRecorderManager init {"dbBasePath": "/users/enseig/galayko/cours_EACN/projet/cadence_ihp_sg13g2/cds/sim/cours_EACN_SESI/comparator/maestro/results/maestro"}
[2026-04-02 23:29:52.299 +0200] [PROCESS] [cadence.virtuoso.ade.loggingservice] - Logging Service has successfully started. Waiting for incoming messages ... {"hostname": "ropartz", "processid": 1219751, "logfile": "/users/enseig/galayko/cours_EACN/projet/cadence_ihp_sg13g2/cds/logs_galayko/logs0/LoggingService19.log"}
[2026-04-02 23:31:18.822 +0200] [ERROR] [cadence.virtuoso.ade.loggingservice] - historySqliteRecorder::insert failed {"reason": "attempt to write a readonly database"}
[2026-04-02 23:31:18.859 +0200] [ERROR] [cadence.virtuoso.ade.loggingservice] - historySqliteRecorder::insert failed {"reason": "attempt to write a readonly database"}
[2026-04-02 23:31:18.866 +0200] [ERROR] [cadence.virtuoso.ade.loggingservice] - ServiceDBAccessSqliteOp::evalSql failed {"reason": "UNIQUE constraint failed: location.point, location.test, location.tool", "sql": "INSERT INTO location (tool, file, point, test, line) VALUES ('unknown', '', '', '', '0');"}
[2026-04-02 23:31:18.868 +0200] [ERROR] [cadence.virtuoso.ade.loggingservice] - ServiceDBAccessSqliteOp::evalSql failed {"reason": "attempt to write a readonly database", "sql": "delete from meta;"}
[2026-04-02 23:31:18.869 +0200] [ERROR] [cadence.virtuoso.ade.loggingservice] - ServiceDBAccessSqliteOp::evalSql failed {"reason": "attempt to write a readonly database", "sql": "insert into meta (key, value) values('HistorySimDir','/users/enseig/galayko/cours_EACN/projet/cadence_ihp_sg13g2/cds/sim/cours_EACN_SESI/comparator/maestro/results/maestro/ExplorerRORun.0.RO');"}
[2026-04-02 23:31:18.869 +0200] [ERROR] [cadence.virtuoso.ade.loggingservice] - ServiceDBAccessSqliteOp::evalSql failed {"reason": "attempt to write a readonly database", "sql": "insert into meta (key, value) values('WorkDir','/users/enseig/galayko/cours_EACN/projet/cadence_ihp_sg13g2/cds');"}
[2026-04-02 23:31:18.869 +0200] [ERROR] [cadence.virtuoso.ade.loggingservice] - ServiceDBAccessSqliteOp::evalSql failed {"reason": "attempt to write a readonly database", "sql": "insert into meta (key, value) values('version','1');"}
[2026-04-02 23:31:18.869 +0200] [ERROR] [cadence.virtuoso.ade.loggingservice] - historySqliteRecorder::insert failed {"reason": "attempt to write a readonly database"}
[2026-04-02 23:31:18.869 +0200] [ERROR] [cadence.virtuoso.ade.loggingservice] - historySqliteRecorder::insert failed {"reason": "attempt to write a readonly database"}
[2026-04-02 23:31:20.035 +0200] [ERROR] [cadence.virtuoso.ade.loggingservice] - historySqliteRecorder::insert location failed {"reason": "attempt to write a readonly database"}
[2026-04-02 23:31:20.074 +0200] [ERROR] [cadence.virtuoso.ade.loggingservice] - historySqliteRecorder::insert failed {"reason": "attempt to write a readonly database"}
[2026-04-02 23:31:21.073 +0200] [ERROR] [cadence.virtuoso.ade.loggingservice] - historySqliteRecorder::insert failed {"reason": "attempt to write a readonly database"}
[2026-04-02 23:31:21.075 +0200] [ERROR] [cadence.virtuoso.ade.loggingservice] - historySqliteRecorder::insert failed {"reason": "attempt to write a readonly database"}
[2026-04-02 23:31:21.076 +0200] [ERROR] [cadence.virtuoso.ade.loggingservice] - historySqliteRecorder::insert failed {"reason": "attempt to write a readonly database"}
[2026-04-02 23:31:21.076 +0200] [ERROR] [cadence.virtuoso.ade.loggingservice] - historySqliteRecorder::insert failed {"reason": "attempt to write a readonly database"}
[2026-04-02 23:31:21.076 +0200] [ERROR] [cadence.virtuoso.ade.loggingservice] - historySqliteRecorder::insert failed {"reason": "attempt to write a readonly database"}
[2026-04-02 23:31:21.096 +0200] [ERROR] [cadence.virtuoso.ade.loggingservice] - historySqliteRecorder::insert location failed {"reason": "attempt to write a readonly database"}
[2026-04-02 23:31:21.198 +0200] [ERROR] [cadence.virtuoso.ade.loggingservice] - historySqliteRecorder::insert location failed {"reason": "attempt to write a readonly database"}
[2026-04-02 23:31:21.567 +0200] [ERROR] [cadence.virtuoso.ade.loggingservice] - historySqliteRecorder::insert failed {"reason": "attempt to write a readonly database"}
[2026-04-02 23:31:21.572 +0200] [ERROR] [cadence.virtuoso.ade.loggingservice] - historySqliteRecorder::insert failed {"reason": "attempt to write a readonly database"}
[2026-04-02 23:31:21.621 +0200] [ERROR] [cadence.virtuoso.ade.loggingservice] - historySqliteRecorder::insert failed {"reason": "attempt to write a readonly database"}
[2026-04-02 23:31:22.667 +0200] [ERROR] [cadence.virtuoso.ade.loggingservice] - historySqliteRecorder::insert failed {"reason": "attempt to write a readonly database"}
[2026-04-02 23:31:22.703 +0200] [ERROR] [cadence.virtuoso.ade.loggingservice] - historySqliteRecorder::insert failed {"reason": "attempt to write a readonly database"}
[2026-04-02 23:31:22.704 +0200] [ERROR] [cadence.virtuoso.ade.loggingservice] - historySqliteRecorder::insert failed {"reason": "attempt to write a readonly database"}
[2026-04-02 23:31:22.704 +0200] [ERROR] [cadence.virtuoso.ade.loggingservice] - historySqliteRecorder::insert failed {"reason": "attempt to write a readonly database"}
[2026-04-02 23:31:22.704 +0200] [ERROR] [cadence.virtuoso.ade.loggingservice] - historySqliteRecorder::insert failed {"reason": "attempt to write a readonly database"}
[2026-04-02 23:31:22.704 +0200] [ERROR] [cadence.virtuoso.ade.loggingservice] - historySqliteRecorder::insert failed {"reason": "attempt to write a readonly database"}
[2026-04-02 23:31:22.704 +0200] [ERROR] [cadence.virtuoso.ade.loggingservice] - historySqliteRecorder::insert failed {"reason": "attempt to write a readonly database"}
[2026-04-02 23:31:22.705 +0200] [ERROR] [cadence.virtuoso.ade.loggingservice] - historySqliteRecorder::insert failed {"reason": "attempt to write a readonly database"}
[2026-04-02 23:31:22.705 +0200] [ERROR] [cadence.virtuoso.ade.loggingservice] - historySqliteRecorder::insert failed {"reason": "attempt to write a readonly database"}
[2026-04-02 23:31:22.705 +0200] [ERROR] [cadence.virtuoso.ade.loggingservice] - historySqliteRecorder::insert failed {"reason": "attempt to write a readonly database"}
[2026-04-02 23:31:22.705 +0200] [ERROR] [cadence.virtuoso.ade.loggingservice] - historySqliteRecorder::insert failed {"reason": "attempt to write a readonly database"}
[2026-04-02 23:31:22.705 +0200] [ERROR] [cadence.virtuoso.ade.loggingservice] - historySqliteRecorder::insert failed {"reason": "attempt to write a readonly database"}
[2026-04-02 23:31:22.705 +0200] [ERROR] [cadence.virtuoso.ade.loggingservice] - historySqliteRecorder::insert failed {"reason": "attempt to write a readonly database"}
[2026-04-02 23:31:22.705 +0200] [ERROR] [cadence.virtuoso.ade.loggingservice] - historySqliteRecorder::insert failed {"reason": "attempt to write a readonly database"}
[2026-04-02 23:31:22.705 +0200] [ERROR] [cadence.virtuoso.ade.loggingservice] - historySqliteRecorder::insert failed {"reason": "attempt to write a readonly database"}
[2026-04-02 23:31:22.705 +0200] [ERROR] [cadence.virtuoso.ade.loggingservice] - historySqliteRecorder::insert failed {"reason": "attempt to write a readonly database"}
[2026-04-02 23:31:22.705 +0200] [ERROR] [cadence.virtuoso.ade.loggingservice] - historySqliteRecorder::insert failed {"reason": "attempt to write a readonly database"}
[2026-04-02 23:31:22.705 +0200] [ERROR] [cadence.virtuoso.ade.loggingservice] - historySqliteRecorder::insert failed {"reason": "attempt to write a readonly database"}
[2026-04-02 23:31:23.130 +0200] [ERROR] [cadence.virtuoso.ade.loggingservice] - historySqliteRecorder::insert failed {"reason": "attempt to write a readonly database"}
[2026-04-02 23:31:23.631 +0200] [ERROR] [cadence.virtuoso.ade.loggingservice] - historySqliteRecorder::insert failed {"reason": "attempt to write a readonly database"}
[2026-04-02 23:31:23.631 +0200] [ERROR] [cadence.virtuoso.ade.loggingservice] - historySqliteRecorder::insert failed {"reason": "attempt to write a readonly database"}
[2026-04-02 23:31:23.633 +0200] [ERROR] [cadence.virtuoso.ade.loggingservice] - historySqliteRecorder::insert failed {"reason": "attempt to write a readonly database"}
[2026-04-02 23:31:23.633 +0200] [ERROR] [cadence.virtuoso.ade.loggingservice] - historySqliteRecorder::insert failed {"reason": "attempt to write a readonly database"}
[2026-04-02 23:31:23.634 +0200] [ERROR] [cadence.virtuoso.ade.loggingservice] - historySqliteRecorder::insert failed {"reason": "attempt to write a readonly database"}
[2026-04-02 23:31:23.636 +0200] [ERROR] [cadence.virtuoso.ade.loggingservice] - historySqliteRecorder::insert failed {"reason": "attempt to write a readonly database"}
[2026-04-02 23:31:23.636 +0200] [ERROR] [cadence.virtuoso.ade.loggingservice] - historySqliteRecorder::insert failed {"reason": "attempt to write a readonly database"}
[2026-04-02 23:31:23.636 +0200] [ERROR] [cadence.virtuoso.ade.loggingservice] - historySqliteRecorder::insert failed {"reason": "attempt to write a readonly database"}
[2026-04-02 23:31:23.636 +0200] [ERROR] [cadence.virtuoso.ade.loggingservice] - historySqliteRecorder::insert failed {"reason": "attempt to write a readonly database"}
[2026-04-02 23:31:23.636 +0200] [ERROR] [cadence.virtuoso.ade.loggingservice] - historySqliteRecorder::insert failed {"reason": "attempt to write a readonly database"}
[2026-04-02 23:31:23.814 +0200] [ERROR] [cadence.virtuoso.ade.loggingservice] - historySqliteRecorder::insert location failed {"reason": "attempt to write a readonly database"}
[2026-04-02 23:31:23.814 +0200] [ERROR] [cadence.virtuoso.ade.loggingservice] - historySqliteRecorder::insert failed {"reason": "attempt to write a readonly database"}
[2026-04-02 23:31:24.615 +0200] [ERROR] [cadence.virtuoso.ade.loggingservice] - historySqliteRecorder::insert location failed {"reason": "attempt to write a readonly database"}
[2026-04-02 23:31:24.925 +0200] [ERROR] [cadence.virtuoso.ade.loggingservice] - historySqliteRecorder::insert failed {"reason": "attempt to write a readonly database"}
[2026-04-02 23:31:25.234 +0200] [ERROR] [cadence.virtuoso.ade.loggingservice] - historySqliteRecorder::insert failed {"reason": "attempt to write a readonly database"}
[2026-04-02 23:31:25.296 +0200] [ERROR] [cadence.virtuoso.ade.loggingservice] - historySqliteRecorder::insert failed {"reason": "attempt to write a readonly database"}
[2026-04-02 23:31:25.323 +0200] [ERROR] [cadence.virtuoso.ade.loggingservice] - historySqliteRecorder::insert failed {"reason": "attempt to write a readonly database"}
[2026-04-02 23:31:25.643 +0200] [ERROR] [cadence.virtuoso.ade.loggingservice] - historySqliteRecorder::insert failed {"reason": "attempt to write a readonly database"}
[2026-04-02 23:31:25.902 +0200] [ERROR] [cadence.virtuoso.ade.loggingservice] - historySqliteRecorder::insert failed {"reason": "attempt to write a readonly database"}
[2026-04-06 19:52:38.474 +0200] [INFO] [cadence.virtuoso.ade.loggingservice] - Got exit signal in processControlMessage. Will exit. {}
[2026-04-06 19:52:39.476 +0200] [PROCESS] [cadence.virtuoso.ade.loggingservice] - Current memory used: 59.3320 MBytes, peak memory used: 59.3320 MBytes {"hostname": "ropartz", "processid": 1219751, "logfile": "/users/enseig/galayko/cours_EACN/projet/cadence_ihp_sg13g2/cds/logs_galayko/logs0/LoggingService19.log"}
[2026-04-06 19:52:39.476 +0200] [PROCESS] [cadence.virtuoso.ade.loggingservice] - Stopping Logging Service process. {"hostname": "ropartz", "processid": 1219751, "logfile": "/users/enseig/galayko/cours_EACN/projet/cadence_ihp_sg13g2/cds/logs_galayko/logs0/LoggingService19.log"}
[2026-04-06 19:52:39.476 +0200] [PROCESS] [cadence.virtuoso.ade.loggingservice] - Logging Service stop!!!! {"hostname": "ropartz", "processid": 1219751, "logfile": "/users/enseig/galayko/cours_EACN/projet/cadence_ihp_sg13g2/cds/logs_galayko/logs0/LoggingService19.log"}
