[Logging Service: 9]
[2026-04-02 13:05:35.793 +0200] [INFO] [cadence.virtuoso.ade.loggingservice] - HistoryRecorderManager init {"dbBasePath": "/users/enseig/galayko/cours_EACN/projet/cadence_ihp_sg13g2/cds/cours_EACN_SESI/comparator/maestro/results/maestro"}
[2026-04-02 13:05:35.793 +0200] [PROCESS] [cadence.virtuoso.ade.loggingservice] - Logging Service has successfully started. Waiting for incoming messages ... {"hostname": "ropartz", "processid": 786385, "logfile": "/users/enseig/galayko/cours_EACN/projet/cadence_ihp_sg13g2/cds/logs_galayko/logs0/LoggingService9.log"}
[2026-04-02 13:06:21.092 +0200] [ERROR] [cadence.virtuoso.ade.loggingservice] - ServiceDBAccessSqliteOp::evalSql failed {"reason": "UNIQUE constraint failed: location.point, location.test, location.tool", "sql": "INSERT INTO location (tool, file, point, test, line) VALUES ('unknown', '', '', '', '0');"}
[2026-04-02 13:06:21.128 +0200] [ERROR] [cadence.virtuoso.ade.loggingservice] - ServiceDBAccessSqliteOp::evalSql failed {"reason": "attempt to write a readonly database", "sql": "delete from meta;"}
[2026-04-02 13:06:21.128 +0200] [ERROR] [cadence.virtuoso.ade.loggingservice] - ServiceDBAccessSqliteOp::evalSql failed {"reason": "attempt to write a readonly database", "sql": "insert into meta (key, value) values('HistorySimDir','/users/enseig/galayko/cours_EACN/projet/cadence_ihp_sg13g2/cds/sim/cours_EACN_SESI/comparator/maestro/results/maestro/ExplorerRun.0');"}
[2026-04-02 13:06:21.128 +0200] [ERROR] [cadence.virtuoso.ade.loggingservice] - ServiceDBAccessSqliteOp::evalSql failed {"reason": "attempt to write a readonly database", "sql": "insert into meta (key, value) values('WorkDir','/users/enseig/galayko/cours_EACN/projet/cadence_ihp_sg13g2/cds');"}
[2026-04-02 13:06:21.128 +0200] [ERROR] [cadence.virtuoso.ade.loggingservice] - ServiceDBAccessSqliteOp::evalSql failed {"reason": "attempt to write a readonly database", "sql": "insert into meta (key, value) values('version','1');"}
[2026-04-02 13:06:21.128 +0200] [ERROR] [cadence.virtuoso.ade.loggingservice] - historySqliteRecorder::insert failed {"reason": "attempt to write a readonly database"}
[2026-04-02 13:06:21.128 +0200] [ERROR] [cadence.virtuoso.ade.loggingservice] - historySqliteRecorder::insert failed {"reason": "attempt to write a readonly database"}
[2026-04-02 13:06:22.169 +0200] [ERROR] [cadence.virtuoso.ade.loggingservice] - historySqliteRecorder::insert location failed {"reason": "attempt to write a readonly database"}
[2026-04-02 13:06:22.211 +0200] [ERROR] [cadence.virtuoso.ade.loggingservice] - historySqliteRecorder::insert failed {"reason": "attempt to write a readonly database"}
[2026-04-02 13:06:23.348 +0200] [ERROR] [cadence.virtuoso.ade.loggingservice] - historySqliteRecorder::insert failed {"reason": "attempt to write a readonly database"}
[2026-04-02 13:06:23.376 +0200] [ERROR] [cadence.virtuoso.ade.loggingservice] - historySqliteRecorder::insert failed {"reason": "attempt to write a readonly database"}
[2026-04-02 13:06:24.335 +0200] [ERROR] [cadence.virtuoso.ade.loggingservice] - historySqliteRecorder::insert failed {"reason": "attempt to write a readonly database"}
[2026-04-02 13:06:24.338 +0200] [ERROR] [cadence.virtuoso.ade.loggingservice] - historySqliteRecorder::insert failed {"reason": "attempt to write a readonly database"}
[2026-04-02 13:06:24.339 +0200] [ERROR] [cadence.virtuoso.ade.loggingservice] - historySqliteRecorder::insert failed {"reason": "attempt to write a readonly database"}
[2026-04-02 13:06:24.345 +0200] [ERROR] [cadence.virtuoso.ade.loggingservice] - historySqliteRecorder::insert location failed {"reason": "attempt to write a readonly database"}
[2026-04-02 13:06:24.447 +0200] [ERROR] [cadence.virtuoso.ade.loggingservice] - historySqliteRecorder::insert location failed {"reason": "attempt to write a readonly database"}
[2026-04-02 13:06:24.491 +0200] [ERROR] [cadence.virtuoso.ade.loggingservice] - historySqliteRecorder::insert failed {"reason": "attempt to write a readonly database"}
[2026-04-02 13:06:24.512 +0200] [ERROR] [cadence.virtuoso.ade.loggingservice] - historySqliteRecorder::insert failed {"reason": "attempt to write a readonly database"}
[2026-04-02 13:06:24.701 +0200] [ERROR] [cadence.virtuoso.ade.loggingservice] - historySqliteRecorder::insert failed {"reason": "attempt to write a readonly database"}
[2026-04-02 13:06:24.704 +0200] [ERROR] [cadence.virtuoso.ade.loggingservice] - historySqliteRecorder::insert failed {"reason": "attempt to write a readonly database"}
[2026-04-02 13:06:24.756 +0200] [ERROR] [cadence.virtuoso.ade.loggingservice] - historySqliteRecorder::insert failed {"reason": "attempt to write a readonly database"}
[2026-04-02 13:06:25.799 +0200] [ERROR] [cadence.virtuoso.ade.loggingservice] - historySqliteRecorder::insert failed {"reason": "attempt to write a readonly database"}
[2026-04-02 13:06:25.840 +0200] [ERROR] [cadence.virtuoso.ade.loggingservice] - historySqliteRecorder::insert failed {"reason": "attempt to write a readonly database"}
[2026-04-02 13:06:25.845 +0200] [ERROR] [cadence.virtuoso.ade.loggingservice] - historySqliteRecorder::insert failed {"reason": "attempt to write a readonly database"}
[2026-04-02 13:06:25.845 +0200] [ERROR] [cadence.virtuoso.ade.loggingservice] - historySqliteRecorder::insert failed {"reason": "attempt to write a readonly database"}
[2026-04-02 13:06:25.845 +0200] [ERROR] [cadence.virtuoso.ade.loggingservice] - historySqliteRecorder::insert failed {"reason": "attempt to write a readonly database"}
[2026-04-02 13:06:25.845 +0200] [ERROR] [cadence.virtuoso.ade.loggingservice] - historySqliteRecorder::insert failed {"reason": "attempt to write a readonly database"}
[2026-04-02 13:06:25.845 +0200] [ERROR] [cadence.virtuoso.ade.loggingservice] - historySqliteRecorder::insert failed {"reason": "attempt to write a readonly database"}
[2026-04-02 13:06:25.845 +0200] [ERROR] [cadence.virtuoso.ade.loggingservice] - historySqliteRecorder::insert failed {"reason": "attempt to write a readonly database"}
[2026-04-02 13:06:25.845 +0200] [ERROR] [cadence.virtuoso.ade.loggingservice] - historySqliteRecorder::insert failed {"reason": "attempt to write a readonly database"}
[2026-04-02 13:06:25.845 +0200] [ERROR] [cadence.virtuoso.ade.loggingservice] - historySqliteRecorder::insert failed {"reason": "attempt to write a readonly database"}
[2026-04-02 13:06:25.845 +0200] [ERROR] [cadence.virtuoso.ade.loggingservice] - historySqliteRecorder::insert failed {"reason": "attempt to write a readonly database"}
[2026-04-02 13:06:25.845 +0200] [ERROR] [cadence.virtuoso.ade.loggingservice] - historySqliteRecorder::insert failed {"reason": "attempt to write a readonly database"}
[2026-04-02 13:06:25.845 +0200] [ERROR] [cadence.virtuoso.ade.loggingservice] - historySqliteRecorder::insert failed {"reason": "attempt to write a readonly database"}
[2026-04-02 13:06:25.845 +0200] [ERROR] [cadence.virtuoso.ade.loggingservice] - historySqliteRecorder::insert failed {"reason": "attempt to write a readonly database"}
[2026-04-02 13:06:25.845 +0200] [ERROR] [cadence.virtuoso.ade.loggingservice] - historySqliteRecorder::insert failed {"reason": "attempt to write a readonly database"}
[2026-04-02 13:06:25.846 +0200] [ERROR] [cadence.virtuoso.ade.loggingservice] - historySqliteRecorder::insert failed {"reason": "attempt to write a readonly database"}
[2026-04-02 13:06:25.846 +0200] [ERROR] [cadence.virtuoso.ade.loggingservice] - historySqliteRecorder::insert failed {"reason": "attempt to write a readonly database"}
[2026-04-02 13:06:25.846 +0200] [ERROR] [cadence.virtuoso.ade.loggingservice] - historySqliteRecorder::insert failed {"reason": "attempt to write a readonly database"}
[2026-04-02 13:06:25.846 +0200] [ERROR] [cadence.virtuoso.ade.loggingservice] - historySqliteRecorder::insert failed {"reason": "attempt to write a readonly database"}
[2026-04-02 13:06:25.846 +0200] [ERROR] [cadence.virtuoso.ade.loggingservice] - historySqliteRecorder::insert failed {"reason": "attempt to write a readonly database"}
[2026-04-02 13:06:25.846 +0200] [ERROR] [cadence.virtuoso.ade.loggingservice] - historySqliteRecorder::insert failed {"reason": "attempt to write a readonly database"}
[2026-04-02 13:06:25.846 +0200] [ERROR] [cadence.virtuoso.ade.loggingservice] - historySqliteRecorder::insert failed {"reason": "attempt to write a readonly database"}
[2026-04-02 13:06:25.846 +0200] [ERROR] [cadence.virtuoso.ade.loggingservice] - historySqliteRecorder::insert failed {"reason": "attempt to write a readonly database"}
[2026-04-02 13:06:25.846 +0200] [ERROR] [cadence.virtuoso.ade.loggingservice] - historySqliteRecorder::insert failed {"reason": "attempt to write a readonly database"}
[2026-04-02 13:06:25.846 +0200] [ERROR] [cadence.virtuoso.ade.loggingservice] - historySqliteRecorder::insert failed {"reason": "attempt to write a readonly database"}
[2026-04-02 13:06:25.846 +0200] [ERROR] [cadence.virtuoso.ade.loggingservice] - historySqliteRecorder::insert failed {"reason": "attempt to write a readonly database"}
[2026-04-02 13:06:25.846 +0200] [ERROR] [cadence.virtuoso.ade.loggingservice] - historySqliteRecorder::insert failed {"reason": "attempt to write a readonly database"}
[2026-04-02 13:06:25.846 +0200] [ERROR] [cadence.virtuoso.ade.loggingservice] - historySqliteRecorder::insert failed {"reason": "attempt to write a readonly database"}
[2026-04-02 13:06:26.778 +0200] [ERROR] [cadence.virtuoso.ade.loggingservice] - historySqliteRecorder::insert location failed {"reason": "attempt to write a readonly database"}
[2026-04-02 13:06:26.779 +0200] [ERROR] [cadence.virtuoso.ade.loggingservice] - historySqliteRecorder::insert failed {"reason": "attempt to write a readonly database"}
[2026-04-02 13:06:27.616 +0200] [ERROR] [cadence.virtuoso.ade.loggingservice] - historySqliteRecorder::insert location failed {"reason": "attempt to write a readonly database"}
[2026-04-02 13:06:27.890 +0200] [ERROR] [cadence.virtuoso.ade.loggingservice] - historySqliteRecorder::insert failed {"reason": "attempt to write a readonly database"}
[2026-04-02 13:06:28.198 +0200] [ERROR] [cadence.virtuoso.ade.loggingservice] - historySqliteRecorder::insert failed {"reason": "attempt to write a readonly database"}
[2026-04-02 13:06:28.485 +0200] [ERROR] [cadence.virtuoso.ade.loggingservice] - historySqliteRecorder::insert failed {"reason": "attempt to write a readonly database"}
[2026-04-02 13:06:28.515 +0200] [ERROR] [cadence.virtuoso.ade.loggingservice] - historySqliteRecorder::insert failed {"reason": "attempt to write a readonly database"}
[2026-04-02 13:06:28.779 +0200] [ERROR] [cadence.virtuoso.ade.loggingservice] - historySqliteRecorder::insert failed {"reason": "attempt to write a readonly database"}
[2026-04-02 13:06:29.396 +0200] [ERROR] [cadence.virtuoso.ade.loggingservice] - historySqliteRecorder::insert failed {"reason": "attempt to write a readonly database"}
[2026-04-02 13:07:11.475 +0200] [ERROR] [cadence.virtuoso.ade.loggingservice] - historySqliteRecorder::insert failed {"reason": "attempt to write a readonly database"}
[2026-04-02 13:07:11.476 +0200] [ERROR] [cadence.virtuoso.ade.loggingservice] - historySqliteRecorder::insert failed {"reason": "attempt to write a readonly database"}
[2026-04-02 13:07:11.476 +0200] [ERROR] [cadence.virtuoso.ade.loggingservice] - historySqliteRecorder::insert location failed {"reason": "attempt to write a readonly database"}
[2026-04-02 13:07:11.578 +0200] [ERROR] [cadence.virtuoso.ade.loggingservice] - historySqliteRecorder::insert location failed {"reason": "attempt to write a readonly database"}
[2026-04-02 13:07:11.625 +0200] [ERROR] [cadence.virtuoso.ade.loggingservice] - historySqliteRecorder::insert failed {"reason": "attempt to write a readonly database"}
[2026-04-02 13:07:11.648 +0200] [ERROR] [cadence.virtuoso.ade.loggingservice] - historySqliteRecorder::insert failed {"reason": "attempt to write a readonly database"}
[2026-04-02 13:07:11.873 +0200] [ERROR] [cadence.virtuoso.ade.loggingservice] - historySqliteRecorder::insert failed {"reason": "attempt to write a readonly database"}
[2026-04-02 13:07:11.877 +0200] [ERROR] [cadence.virtuoso.ade.loggingservice] - historySqliteRecorder::insert failed {"reason": "attempt to write a readonly database"}
[2026-04-02 13:07:11.926 +0200] [ERROR] [cadence.virtuoso.ade.loggingservice] - historySqliteRecorder::insert failed {"reason": "attempt to write a readonly database"}
[2026-04-02 13:07:12.927 +0200] [ERROR] [cadence.virtuoso.ade.loggingservice] - historySqliteRecorder::insert failed {"reason": "attempt to write a readonly database"}
[2026-04-02 13:07:12.928 +0200] [ERROR] [cadence.virtuoso.ade.loggingservice] - historySqliteRecorder::insert failed {"reason": "attempt to write a readonly database"}
[2026-04-02 13:07:12.928 +0200] [ERROR] [cadence.virtuoso.ade.loggingservice] - historySqliteRecorder::insert failed {"reason": "attempt to write a readonly database"}
[2026-04-02 13:07:12.928 +0200] [ERROR] [cadence.virtuoso.ade.loggingservice] - historySqliteRecorder::insert failed {"reason": "attempt to write a readonly database"}
[2026-04-02 13:07:12.929 +0200] [ERROR] [cadence.virtuoso.ade.loggingservice] - historySqliteRecorder::insert failed {"reason": "attempt to write a readonly database"}
[2026-04-02 13:07:12.929 +0200] [ERROR] [cadence.virtuoso.ade.loggingservice] - historySqliteRecorder::insert failed {"reason": "attempt to write a readonly database"}
[2026-04-02 13:07:12.929 +0200] [ERROR] [cadence.virtuoso.ade.loggingservice] - historySqliteRecorder::insert failed {"reason": "attempt to write a readonly database"}
[2026-04-02 13:07:12.929 +0200] [ERROR] [cadence.virtuoso.ade.loggingservice] - historySqliteRecorder::insert failed {"reason": "attempt to write a readonly database"}
[2026-04-02 13:07:12.929 +0200] [ERROR] [cadence.virtuoso.ade.loggingservice] - historySqliteRecorder::insert failed {"reason": "attempt to write a readonly database"}
[2026-04-02 13:07:12.929 +0200] [ERROR] [cadence.virtuoso.ade.loggingservice] - historySqliteRecorder::insert failed {"reason": "attempt to write a readonly database"}
[2026-04-02 13:07:12.932 +0200] [ERROR] [cadence.virtuoso.ade.loggingservice] - historySqliteRecorder::insert failed {"reason": "attempt to write a readonly database"}
[2026-04-02 13:07:12.932 +0200] [ERROR] [cadence.virtuoso.ade.loggingservice] - historySqliteRecorder::insert failed {"reason": "attempt to write a readonly database"}
[2026-04-02 13:07:12.933 +0200] [ERROR] [cadence.virtuoso.ade.loggingservice] - historySqliteRecorder::insert failed {"reason": "attempt to write a readonly database"}
[2026-04-02 13:07:12.933 +0200] [ERROR] [cadence.virtuoso.ade.loggingservice] - historySqliteRecorder::insert failed {"reason": "attempt to write a readonly database"}
[2026-04-02 13:07:12.933 +0200] [ERROR] [cadence.virtuoso.ade.loggingservice] - historySqliteRecorder::insert failed {"reason": "attempt to write a readonly database"}
[2026-04-02 13:07:12.933 +0200] [ERROR] [cadence.virtuoso.ade.loggingservice] - historySqliteRecorder::insert failed {"reason": "attempt to write a readonly database"}
[2026-04-02 13:07:12.933 +0200] [ERROR] [cadence.virtuoso.ade.loggingservice] - historySqliteRecorder::insert failed {"reason": "attempt to write a readonly database"}
[2026-04-02 13:07:12.934 +0200] [ERROR] [cadence.virtuoso.ade.loggingservice] - historySqliteRecorder::insert failed {"reason": "attempt to write a readonly database"}
[2026-04-02 13:07:12.934 +0200] [ERROR] [cadence.virtuoso.ade.loggingservice] - historySqliteRecorder::insert failed {"reason": "attempt to write a readonly database"}
[2026-04-02 13:07:12.934 +0200] [ERROR] [cadence.virtuoso.ade.loggingservice] - historySqliteRecorder::insert failed {"reason": "attempt to write a readonly database"}
[2026-04-02 13:07:12.935 +0200] [ERROR] [cadence.virtuoso.ade.loggingservice] - historySqliteRecorder::insert failed {"reason": "attempt to write a readonly database"}
[2026-04-02 13:07:12.936 +0200] [ERROR] [cadence.virtuoso.ade.loggingservice] - historySqliteRecorder::insert failed {"reason": "attempt to write a readonly database"}
[2026-04-02 13:07:12.936 +0200] [ERROR] [cadence.virtuoso.ade.loggingservice] - historySqliteRecorder::insert failed {"reason": "attempt to write a readonly database"}
[2026-04-02 13:07:12.938 +0200] [ERROR] [cadence.virtuoso.ade.loggingservice] - historySqliteRecorder::insert failed {"reason": "attempt to write a readonly database"}
[2026-04-02 13:07:12.939 +0200] [ERROR] [cadence.virtuoso.ade.loggingservice] - historySqliteRecorder::insert failed {"reason": "attempt to write a readonly database"}
[2026-04-02 13:07:13.441 +0200] [ERROR] [cadence.virtuoso.ade.loggingservice] - historySqliteRecorder::insert failed {"reason": "attempt to write a readonly database"}
[2026-04-02 13:07:13.441 +0200] [ERROR] [cadence.virtuoso.ade.loggingservice] - historySqliteRecorder::insert failed {"reason": "attempt to write a readonly database"}
[2026-04-02 13:07:13.441 +0200] [ERROR] [cadence.virtuoso.ade.loggingservice] - historySqliteRecorder::insert failed {"reason": "attempt to write a readonly database"}
[2026-04-02 13:07:14.325 +0200] [ERROR] [cadence.virtuoso.ade.loggingservice] - historySqliteRecorder::insert location failed {"reason": "attempt to write a readonly database"}
[2026-04-02 13:07:14.326 +0200] [ERROR] [cadence.virtuoso.ade.loggingservice] - historySqliteRecorder::insert failed {"reason": "attempt to write a readonly database"}
[2026-04-02 13:07:15.127 +0200] [ERROR] [cadence.virtuoso.ade.loggingservice] - historySqliteRecorder::insert location failed {"reason": "attempt to write a readonly database"}
[2026-04-02 13:07:15.412 +0200] [ERROR] [cadence.virtuoso.ade.loggingservice] - historySqliteRecorder::insert failed {"reason": "attempt to write a readonly database"}
[2026-04-02 13:07:15.713 +0200] [ERROR] [cadence.virtuoso.ade.loggingservice] - historySqliteRecorder::insert failed {"reason": "attempt to write a readonly database"}
[2026-04-02 13:07:15.714 +0200] [ERROR] [cadence.virtuoso.ade.loggingservice] - historySqliteRecorder::insert failed {"reason": "attempt to write a readonly database"}
[2026-04-02 13:07:15.741 +0200] [ERROR] [cadence.virtuoso.ade.loggingservice] - historySqliteRecorder::insert failed {"reason": "attempt to write a readonly database"}
[2026-04-02 13:07:15.947 +0200] [ERROR] [cadence.virtuoso.ade.loggingservice] - historySqliteRecorder::insert failed {"reason": "attempt to write a readonly database"}
[2026-04-02 13:07:16.397 +0200] [ERROR] [cadence.virtuoso.ade.loggingservice] - historySqliteRecorder::insert failed {"reason": "attempt to write a readonly database"}
[2026-04-02 13:10:03.687 +0200] [ERROR] [cadence.virtuoso.ade.loggingservice] - ServiceDBAccessSqliteOp::evalSql failed {"reason": "UNIQUE constraint failed: location.point, location.test, location.tool", "sql": "INSERT INTO location (tool, file, point, test, line) VALUES ('unknown', '', '', '', '0');"}
[2026-04-02 13:10:03.724 +0200] [ERROR] [cadence.virtuoso.ade.loggingservice] - ServiceDBAccessSqliteOp::evalSql failed {"reason": "attempt to write a readonly database", "sql": "delete from meta;"}
[2026-04-02 13:10:03.724 +0200] [ERROR] [cadence.virtuoso.ade.loggingservice] - ServiceDBAccessSqliteOp::evalSql failed {"reason": "attempt to write a readonly database", "sql": "insert into meta (key, value) values('HistorySimDir','/users/enseig/galayko/cours_EACN/projet/cadence_ihp_sg13g2/cds/sim/cours_EACN_SESI/comparator/maestro/results/maestro/ExplorerRun.0');"}
[2026-04-02 13:10:03.724 +0200] [ERROR] [cadence.virtuoso.ade.loggingservice] - ServiceDBAccessSqliteOp::evalSql failed {"reason": "attempt to write a readonly database", "sql": "insert into meta (key, value) values('WorkDir','/users/enseig/galayko/cours_EACN/projet/cadence_ihp_sg13g2/cds');"}
[2026-04-02 13:10:03.724 +0200] [ERROR] [cadence.virtuoso.ade.loggingservice] - ServiceDBAccessSqliteOp::evalSql failed {"reason": "attempt to write a readonly database", "sql": "insert into meta (key, value) values('version','1');"}
[2026-04-02 13:10:03.724 +0200] [ERROR] [cadence.virtuoso.ade.loggingservice] - historySqliteRecorder::insert failed {"reason": "attempt to write a readonly database"}
[2026-04-02 13:10:03.725 +0200] [ERROR] [cadence.virtuoso.ade.loggingservice] - historySqliteRecorder::insert failed {"reason": "attempt to write a readonly database"}
[2026-04-02 13:10:04.801 +0200] [ERROR] [cadence.virtuoso.ade.loggingservice] - historySqliteRecorder::insert location failed {"reason": "attempt to write a readonly database"}
[2026-04-02 13:10:04.842 +0200] [ERROR] [cadence.virtuoso.ade.loggingservice] - historySqliteRecorder::insert failed {"reason": "attempt to write a readonly database"}
[2026-04-02 13:10:06.045 +0200] [ERROR] [cadence.virtuoso.ade.loggingservice] - historySqliteRecorder::insert failed {"reason": "attempt to write a readonly database"}
[2026-04-02 13:10:06.073 +0200] [ERROR] [cadence.virtuoso.ade.loggingservice] - historySqliteRecorder::insert failed {"reason": "attempt to write a readonly database"}
[2026-04-02 13:10:07.033 +0200] [ERROR] [cadence.virtuoso.ade.loggingservice] - historySqliteRecorder::insert failed {"reason": "attempt to write a readonly database"}
[2026-04-02 13:10:07.036 +0200] [ERROR] [cadence.virtuoso.ade.loggingservice] - historySqliteRecorder::insert failed {"reason": "attempt to write a readonly database"}
[2026-04-02 13:10:07.037 +0200] [ERROR] [cadence.virtuoso.ade.loggingservice] - historySqliteRecorder::insert failed {"reason": "attempt to write a readonly database"}
[2026-04-02 13:10:07.045 +0200] [ERROR] [cadence.virtuoso.ade.loggingservice] - historySqliteRecorder::insert location failed {"reason": "attempt to write a readonly database"}
[2026-04-02 13:10:07.147 +0200] [ERROR] [cadence.virtuoso.ade.loggingservice] - historySqliteRecorder::insert location failed {"reason": "attempt to write a readonly database"}
[2026-04-02 13:10:07.193 +0200] [ERROR] [cadence.virtuoso.ade.loggingservice] - historySqliteRecorder::insert failed {"reason": "attempt to write a readonly database"}
[2026-04-02 13:10:07.214 +0200] [ERROR] [cadence.virtuoso.ade.loggingservice] - historySqliteRecorder::insert failed {"reason": "attempt to write a readonly database"}
[2026-04-02 13:10:07.433 +0200] [ERROR] [cadence.virtuoso.ade.loggingservice] - historySqliteRecorder::insert failed {"reason": "attempt to write a readonly database"}
[2026-04-02 13:10:07.438 +0200] [ERROR] [cadence.virtuoso.ade.loggingservice] - historySqliteRecorder::insert failed {"reason": "attempt to write a readonly database"}
[2026-04-02 13:10:07.489 +0200] [ERROR] [cadence.virtuoso.ade.loggingservice] - historySqliteRecorder::insert failed {"reason": "attempt to write a readonly database"}
[2026-04-02 13:10:08.537 +0200] [ERROR] [cadence.virtuoso.ade.loggingservice] - historySqliteRecorder::insert failed {"reason": "attempt to write a readonly database"}
[2026-04-02 13:10:08.572 +0200] [ERROR] [cadence.virtuoso.ade.loggingservice] - historySqliteRecorder::insert failed {"reason": "attempt to write a readonly database"}
[2026-04-02 13:10:08.572 +0200] [ERROR] [cadence.virtuoso.ade.loggingservice] - historySqliteRecorder::insert failed {"reason": "attempt to write a readonly database"}
[2026-04-02 13:10:08.572 +0200] [ERROR] [cadence.virtuoso.ade.loggingservice] - historySqliteRecorder::insert failed {"reason": "attempt to write a readonly database"}
[2026-04-02 13:10:08.573 +0200] [ERROR] [cadence.virtuoso.ade.loggingservice] - historySqliteRecorder::insert failed {"reason": "attempt to write a readonly database"}
[2026-04-02 13:10:08.573 +0200] [ERROR] [cadence.virtuoso.ade.loggingservice] - historySqliteRecorder::insert failed {"reason": "attempt to write a readonly database"}
[2026-04-02 13:10:08.573 +0200] [ERROR] [cadence.virtuoso.ade.loggingservice] - historySqliteRecorder::insert failed {"reason": "attempt to write a readonly database"}
[2026-04-02 13:10:08.573 +0200] [ERROR] [cadence.virtuoso.ade.loggingservice] - historySqliteRecorder::insert failed {"reason": "attempt to write a readonly database"}
[2026-04-02 13:10:08.573 +0200] [ERROR] [cadence.virtuoso.ade.loggingservice] - historySqliteRecorder::insert failed {"reason": "attempt to write a readonly database"}
[2026-04-02 13:10:08.573 +0200] [ERROR] [cadence.virtuoso.ade.loggingservice] - historySqliteRecorder::insert failed {"reason": "attempt to write a readonly database"}
[2026-04-02 13:10:08.573 +0200] [ERROR] [cadence.virtuoso.ade.loggingservice] - historySqliteRecorder::insert failed {"reason": "attempt to write a readonly database"}
[2026-04-02 13:10:08.573 +0200] [ERROR] [cadence.virtuoso.ade.loggingservice] - historySqliteRecorder::insert failed {"reason": "attempt to write a readonly database"}
[2026-04-02 13:10:08.573 +0200] [ERROR] [cadence.virtuoso.ade.loggingservice] - historySqliteRecorder::insert failed {"reason": "attempt to write a readonly database"}
[2026-04-02 13:10:08.573 +0200] [ERROR] [cadence.virtuoso.ade.loggingservice] - historySqliteRecorder::insert failed {"reason": "attempt to write a readonly database"}
[2026-04-02 13:10:08.573 +0200] [ERROR] [cadence.virtuoso.ade.loggingservice] - historySqliteRecorder::insert failed {"reason": "attempt to write a readonly database"}
[2026-04-02 13:10:08.573 +0200] [ERROR] [cadence.virtuoso.ade.loggingservice] - historySqliteRecorder::insert failed {"reason": "attempt to write a readonly database"}
[2026-04-02 13:10:08.574 +0200] [ERROR] [cadence.virtuoso.ade.loggingservice] - historySqliteRecorder::insert failed {"reason": "attempt to write a readonly database"}
[2026-04-02 13:10:08.574 +0200] [ERROR] [cadence.virtuoso.ade.loggingservice] - historySqliteRecorder::insert failed {"reason": "attempt to write a readonly database"}
[2026-04-02 13:10:08.574 +0200] [ERROR] [cadence.virtuoso.ade.loggingservice] - historySqliteRecorder::insert failed {"reason": "attempt to write a readonly database"}
[2026-04-02 13:10:08.574 +0200] [ERROR] [cadence.virtuoso.ade.loggingservice] - historySqliteRecorder::insert failed {"reason": "attempt to write a readonly database"}
[2026-04-02 13:10:08.574 +0200] [ERROR] [cadence.virtuoso.ade.loggingservice] - historySqliteRecorder::insert failed {"reason": "attempt to write a readonly database"}
[2026-04-02 13:10:08.574 +0200] [ERROR] [cadence.virtuoso.ade.loggingservice] - historySqliteRecorder::insert failed {"reason": "attempt to write a readonly database"}
[2026-04-02 13:10:08.574 +0200] [ERROR] [cadence.virtuoso.ade.loggingservice] - historySqliteRecorder::insert failed {"reason": "attempt to write a readonly database"}
[2026-04-02 13:10:08.574 +0200] [ERROR] [cadence.virtuoso.ade.loggingservice] - historySqliteRecorder::insert failed {"reason": "attempt to write a readonly database"}
[2026-04-02 13:10:08.574 +0200] [ERROR] [cadence.virtuoso.ade.loggingservice] - historySqliteRecorder::insert failed {"reason": "attempt to write a readonly database"}
[2026-04-02 13:10:08.574 +0200] [ERROR] [cadence.virtuoso.ade.loggingservice] - historySqliteRecorder::insert failed {"reason": "attempt to write a readonly database"}
[2026-04-02 13:10:09.628 +0200] [ERROR] [cadence.virtuoso.ade.loggingservice] - historySqliteRecorder::insert location failed {"reason": "attempt to write a readonly database"}
[2026-04-02 13:10:09.669 +0200] [ERROR] [cadence.virtuoso.ade.loggingservice] - historySqliteRecorder::insert failed {"reason": "attempt to write a readonly database"}
[2026-04-02 13:10:10.430 +0200] [ERROR] [cadence.virtuoso.ade.loggingservice] - historySqliteRecorder::insert location failed {"reason": "attempt to write a readonly database"}
[2026-04-02 13:10:10.709 +0200] [ERROR] [cadence.virtuoso.ade.loggingservice] - historySqliteRecorder::insert failed {"reason": "attempt to write a readonly database"}
[2026-04-02 13:10:11.001 +0200] [ERROR] [cadence.virtuoso.ade.loggingservice] - historySqliteRecorder::insert failed {"reason": "attempt to write a readonly database"}
[2026-04-02 13:10:11.082 +0200] [ERROR] [cadence.virtuoso.ade.loggingservice] - historySqliteRecorder::insert failed {"reason": "attempt to write a readonly database"}
[2026-04-02 13:10:11.111 +0200] [ERROR] [cadence.virtuoso.ade.loggingservice] - historySqliteRecorder::insert failed {"reason": "attempt to write a readonly database"}
[2026-04-02 13:10:11.396 +0200] [ERROR] [cadence.virtuoso.ade.loggingservice] - historySqliteRecorder::insert failed {"reason": "attempt to write a readonly database"}
[2026-04-02 13:10:11.516 +0200] [ERROR] [cadence.virtuoso.ade.loggingservice] - historySqliteRecorder::insert failed {"reason": "attempt to write a readonly database"}
[2026-04-02 13:25:20.147 +0200] [ERROR] [cadence.virtuoso.ade.loggingservice] - ServiceDBAccessSqliteOp::evalSql failed {"reason": "UNIQUE constraint failed: location.point, location.test, location.tool", "sql": "INSERT INTO location (tool, file, point, test, line) VALUES ('unknown', '', '', '', '0');"}
[2026-04-02 13:25:20.185 +0200] [ERROR] [cadence.virtuoso.ade.loggingservice] - ServiceDBAccessSqliteOp::evalSql failed {"reason": "attempt to write a readonly database", "sql": "delete from meta;"}
[2026-04-02 13:25:20.185 +0200] [ERROR] [cadence.virtuoso.ade.loggingservice] - ServiceDBAccessSqliteOp::evalSql failed {"reason": "attempt to write a readonly database", "sql": "insert into meta (key, value) values('HistorySimDir','/users/enseig/galayko/cours_EACN/projet/cadence_ihp_sg13g2/cds/sim/cours_EACN_SESI/comparator/maestro/results/maestro/ExplorerRun.0');"}
[2026-04-02 13:25:20.186 +0200] [ERROR] [cadence.virtuoso.ade.loggingservice] - ServiceDBAccessSqliteOp::evalSql failed {"reason": "attempt to write a readonly database", "sql": "insert into meta (key, value) values('WorkDir','/users/enseig/galayko/cours_EACN/projet/cadence_ihp_sg13g2/cds');"}
[2026-04-02 13:25:20.186 +0200] [ERROR] [cadence.virtuoso.ade.loggingservice] - ServiceDBAccessSqliteOp::evalSql failed {"reason": "attempt to write a readonly database", "sql": "insert into meta (key, value) values('version','1');"}
[2026-04-02 13:25:20.186 +0200] [ERROR] [cadence.virtuoso.ade.loggingservice] - historySqliteRecorder::insert failed {"reason": "attempt to write a readonly database"}
[2026-04-02 13:25:20.186 +0200] [ERROR] [cadence.virtuoso.ade.loggingservice] - historySqliteRecorder::insert failed {"reason": "attempt to write a readonly database"}
[2026-04-02 13:25:21.251 +0200] [ERROR] [cadence.virtuoso.ade.loggingservice] - historySqliteRecorder::insert location failed {"reason": "attempt to write a readonly database"}
[2026-04-02 13:25:21.289 +0200] [ERROR] [cadence.virtuoso.ade.loggingservice] - historySqliteRecorder::insert failed {"reason": "attempt to write a readonly database"}
[2026-04-02 13:25:22.580 +0200] [ERROR] [cadence.virtuoso.ade.loggingservice] - historySqliteRecorder::insert failed {"reason": "attempt to write a readonly database"}
[2026-04-02 13:25:22.621 +0200] [ERROR] [cadence.virtuoso.ade.loggingservice] - historySqliteRecorder::insert failed {"reason": "attempt to write a readonly database"}
[2026-04-02 13:25:23.579 +0200] [ERROR] [cadence.virtuoso.ade.loggingservice] - historySqliteRecorder::insert failed {"reason": "attempt to write a readonly database"}
[2026-04-02 13:25:23.582 +0200] [ERROR] [cadence.virtuoso.ade.loggingservice] - historySqliteRecorder::insert failed {"reason": "attempt to write a readonly database"}
[2026-04-02 13:25:23.583 +0200] [ERROR] [cadence.virtuoso.ade.loggingservice] - historySqliteRecorder::insert failed {"reason": "attempt to write a readonly database"}
[2026-04-02 13:25:23.590 +0200] [ERROR] [cadence.virtuoso.ade.loggingservice] - historySqliteRecorder::insert location failed {"reason": "attempt to write a readonly database"}
[2026-04-02 13:25:23.692 +0200] [ERROR] [cadence.virtuoso.ade.loggingservice] - historySqliteRecorder::insert location failed {"reason": "attempt to write a readonly database"}
[2026-04-02 13:25:23.734 +0200] [ERROR] [cadence.virtuoso.ade.loggingservice] - historySqliteRecorder::insert failed {"reason": "attempt to write a readonly database"}
[2026-04-02 13:25:23.754 +0200] [ERROR] [cadence.virtuoso.ade.loggingservice] - historySqliteRecorder::insert failed {"reason": "attempt to write a readonly database"}
[2026-04-02 13:25:23.962 +0200] [ERROR] [cadence.virtuoso.ade.loggingservice] - historySqliteRecorder::insert failed {"reason": "attempt to write a readonly database"}
[2026-04-02 13:25:23.971 +0200] [ERROR] [cadence.virtuoso.ade.loggingservice] - historySqliteRecorder::insert failed {"reason": "attempt to write a readonly database"}
[2026-04-02 13:25:24.008 +0200] [ERROR] [cadence.virtuoso.ade.loggingservice] - historySqliteRecorder::insert failed {"reason": "attempt to write a readonly database"}
[2026-04-02 13:25:25.050 +0200] [ERROR] [cadence.virtuoso.ade.loggingservice] - historySqliteRecorder::insert failed {"reason": "attempt to write a readonly database"}
[2026-04-02 13:25:25.091 +0200] [ERROR] [cadence.virtuoso.ade.loggingservice] - historySqliteRecorder::insert failed {"reason": "attempt to write a readonly database"}
[2026-04-02 13:25:25.092 +0200] [ERROR] [cadence.virtuoso.ade.loggingservice] - historySqliteRecorder::insert failed {"reason": "attempt to write a readonly database"}
[2026-04-02 13:25:25.092 +0200] [ERROR] [cadence.virtuoso.ade.loggingservice] - historySqliteRecorder::insert failed {"reason": "attempt to write a readonly database"}
[2026-04-02 13:25:25.092 +0200] [ERROR] [cadence.virtuoso.ade.loggingservice] - historySqliteRecorder::insert failed {"reason": "attempt to write a readonly database"}
[2026-04-02 13:25:25.092 +0200] [ERROR] [cadence.virtuoso.ade.loggingservice] - historySqliteRecorder::insert failed {"reason": "attempt to write a readonly database"}
[2026-04-02 13:25:25.093 +0200] [ERROR] [cadence.virtuoso.ade.loggingservice] - historySqliteRecorder::insert failed {"reason": "attempt to write a readonly database"}
[2026-04-02 13:25:25.093 +0200] [ERROR] [cadence.virtuoso.ade.loggingservice] - historySqliteRecorder::insert failed {"reason": "attempt to write a readonly database"}
[2026-04-02 13:25:25.093 +0200] [ERROR] [cadence.virtuoso.ade.loggingservice] - historySqliteRecorder::insert failed {"reason": "attempt to write a readonly database"}
[2026-04-02 13:25:25.093 +0200] [ERROR] [cadence.virtuoso.ade.loggingservice] - historySqliteRecorder::insert failed {"reason": "attempt to write a readonly database"}
[2026-04-02 13:25:25.093 +0200] [ERROR] [cadence.virtuoso.ade.loggingservice] - historySqliteRecorder::insert failed {"reason": "attempt to write a readonly database"}
[2026-04-02 13:25:25.093 +0200] [ERROR] [cadence.virtuoso.ade.loggingservice] - historySqliteRecorder::insert failed {"reason": "attempt to write a readonly database"}
[2026-04-02 13:25:25.093 +0200] [ERROR] [cadence.virtuoso.ade.loggingservice] - historySqliteRecorder::insert failed {"reason": "attempt to write a readonly database"}
[2026-04-02 13:25:25.093 +0200] [ERROR] [cadence.virtuoso.ade.loggingservice] - historySqliteRecorder::insert failed {"reason": "attempt to write a readonly database"}
[2026-04-02 13:25:25.093 +0200] [ERROR] [cadence.virtuoso.ade.loggingservice] - historySqliteRecorder::insert failed {"reason": "attempt to write a readonly database"}
[2026-04-02 13:25:25.093 +0200] [ERROR] [cadence.virtuoso.ade.loggingservice] - historySqliteRecorder::insert failed {"reason": "attempt to write a readonly database"}
[2026-04-02 13:25:25.093 +0200] [ERROR] [cadence.virtuoso.ade.loggingservice] - historySqliteRecorder::insert failed {"reason": "attempt to write a readonly database"}
[2026-04-02 13:25:25.093 +0200] [ERROR] [cadence.virtuoso.ade.loggingservice] - historySqliteRecorder::insert failed {"reason": "attempt to write a readonly database"}
[2026-04-02 13:25:25.093 +0200] [ERROR] [cadence.virtuoso.ade.loggingservice] - historySqliteRecorder::insert failed {"reason": "attempt to write a readonly database"}
[2026-04-02 13:25:25.094 +0200] [ERROR] [cadence.virtuoso.ade.loggingservice] - historySqliteRecorder::insert failed {"reason": "attempt to write a readonly database"}
[2026-04-02 13:25:25.094 +0200] [ERROR] [cadence.virtuoso.ade.loggingservice] - historySqliteRecorder::insert failed {"reason": "attempt to write a readonly database"}
[2026-04-02 13:25:25.094 +0200] [ERROR] [cadence.virtuoso.ade.loggingservice] - historySqliteRecorder::insert failed {"reason": "attempt to write a readonly database"}
[2026-04-02 13:25:25.094 +0200] [ERROR] [cadence.virtuoso.ade.loggingservice] - historySqliteRecorder::insert failed {"reason": "attempt to write a readonly database"}
[2026-04-02 13:25:25.094 +0200] [ERROR] [cadence.virtuoso.ade.loggingservice] - historySqliteRecorder::insert failed {"reason": "attempt to write a readonly database"}
[2026-04-02 13:25:25.094 +0200] [ERROR] [cadence.virtuoso.ade.loggingservice] - historySqliteRecorder::insert failed {"reason": "attempt to write a readonly database"}
[2026-04-02 13:25:25.094 +0200] [ERROR] [cadence.virtuoso.ade.loggingservice] - historySqliteRecorder::insert failed {"reason": "attempt to write a readonly database"}
[2026-04-02 13:25:25.094 +0200] [ERROR] [cadence.virtuoso.ade.loggingservice] - historySqliteRecorder::insert failed {"reason": "attempt to write a readonly database"}
[2026-04-02 13:25:25.094 +0200] [ERROR] [cadence.virtuoso.ade.loggingservice] - historySqliteRecorder::insert failed {"reason": "attempt to write a readonly database"}
[2026-04-02 13:25:25.094 +0200] [ERROR] [cadence.virtuoso.ade.loggingservice] - historySqliteRecorder::insert failed {"reason": "attempt to write a readonly database"}
[2026-04-02 13:25:26.081 +0200] [ERROR] [cadence.virtuoso.ade.loggingservice] - historySqliteRecorder::insert location failed {"reason": "attempt to write a readonly database"}
[2026-04-02 13:25:26.081 +0200] [ERROR] [cadence.virtuoso.ade.loggingservice] - historySqliteRecorder::insert failed {"reason": "attempt to write a readonly database"}
[2026-04-02 13:25:26.920 +0200] [ERROR] [cadence.virtuoso.ade.loggingservice] - historySqliteRecorder::insert location failed {"reason": "attempt to write a readonly database"}
[2026-04-02 13:25:27.219 +0200] [ERROR] [cadence.virtuoso.ade.loggingservice] - historySqliteRecorder::insert failed {"reason": "attempt to write a readonly database"}
[2026-04-02 13:25:27.540 +0200] [ERROR] [cadence.virtuoso.ade.loggingservice] - historySqliteRecorder::insert failed {"reason": "attempt to write a readonly database"}
[2026-04-02 13:25:27.630 +0200] [ERROR] [cadence.virtuoso.ade.loggingservice] - historySqliteRecorder::insert failed {"reason": "attempt to write a readonly database"}
[2026-04-02 13:25:27.659 +0200] [ERROR] [cadence.virtuoso.ade.loggingservice] - historySqliteRecorder::insert failed {"reason": "attempt to write a readonly database"}
[2026-04-02 13:25:28.032 +0200] [ERROR] [cadence.virtuoso.ade.loggingservice] - historySqliteRecorder::insert failed {"reason": "attempt to write a readonly database"}
[2026-04-02 13:25:28.396 +0200] [ERROR] [cadence.virtuoso.ade.loggingservice] - historySqliteRecorder::insert failed {"reason": "attempt to write a readonly database"}
[2026-04-02 15:46:54.924 +0200] [INFO] [cadence.virtuoso.ade.loggingservice] - Got exit signal in processControlMessage. Will exit. {}
[2026-04-02 15:46:54.966 +0200] [PROCESS] [cadence.virtuoso.ade.loggingservice] - Current memory used: 59.4492 MBytes, peak memory used: 59.4492 MBytes {"hostname": "ropartz", "processid": 786385, "logfile": "/users/enseig/galayko/cours_EACN/projet/cadence_ihp_sg13g2/cds/logs_galayko/logs0/LoggingService9.log"}
[2026-04-02 15:46:54.966 +0200] [PROCESS] [cadence.virtuoso.ade.loggingservice] - Stopping Logging Service process. {"hostname": "ropartz", "processid": 786385, "logfile": "/users/enseig/galayko/cours_EACN/projet/cadence_ihp_sg13g2/cds/logs_galayko/logs0/LoggingService9.log"}
[2026-04-02 15:46:54.966 +0200] [PROCESS] [cadence.virtuoso.ade.loggingservice] - Logging Service stop!!!! {"hostname": "ropartz", "processid": 786385, "logfile": "/users/enseig/galayko/cours_EACN/projet/cadence_ihp_sg13g2/cds/logs_galayko/logs0/LoggingService9.log"}
