TOOL:	xrun(64)	23.03-s013: Started on Apr 02, 2026 at 09:48:09 CEST
xrun
	-f /users/enseig/galayko/cours_EACN/projet/cadence_ihp_sg13g2/cds/sim/project_EACN_SESI/ADC_SAR/maestro/results/maestro/ExplorerRun.0/1/project_EACN_SESI_ADC_SAR_1/netlist/.mapi/mapi_run.args
		-64bit
		-compile
		-NOCOPYRIGHT
		-nostdout
		-nowarn DLNOHV
		-logfile /users/enseig/galayko/cours_EACN/projet/cadence_ihp_sg13g2/cds/sim/project_EACN_SESI/ADC_SAR/maestro/results/maestro/ExplorerRun.0/1/project_EACN_SESI_ADC_SAR_1/netlist/.mapi/mapirun.log
		-nowarn DLNOHV
		-nowarn DLCLAP
		-v93
		-allowredefinition
		-incdir /users/enseig/galayko/cours_EACN/projet/cadence_ihp_sg13g2/cds/
		-xmlibdirpath /users/enseig/galayko/cours_EACN/projet/cadence_ihp_sg13g2/cds/sim/project_EACN_SESI/ADC_SAR/maestro/results/maestro/ExplorerRun.0/1/project_EACN_SESI_ADC_SAR_1/netlist/.mapi/
		-cdslib /users/enseig/galayko/cours_EACN/projet/cadence_ihp_sg13g2/cds/sim/project_EACN_SESI/ADC_SAR/maestro/results/maestro/ExplorerRun.0/1/project_EACN_SESI_ADC_SAR_1/netlist/.mapi/cds.lib
		-amscompilefile "file:/users/soft/techno/dev/IHP/sg13/modules_SG13G2/ixc013g2ng_stdcell/oa/ixc013g2ng_stdcell/INVJIX1/functional/verilog.v lib:ixc013g2ng_stdcell cell:INVJIX1 view:functional"
		-smartlib
		-makelib project_EACN_SESI
		-view entity
		/users/enseig/galayko/cours_EACN/projet/cadence_ihp_sg13g2/cds/project_EACN_SESI/control/entity/vhdl.vhd
		-endlib
		-makelib project_EACN_SESI
		-view behavioral
		/users/enseig/galayko/cours_EACN/projet/cadence_ihp_sg13g2/cds/project_EACN_SESI/control/behavioral/vhdl.vhd
		-endlib
		-amscompilefile "file:/users/soft/techno/dev/IHP/sg13/modules_SG13G2/ixc013g2ng_stdcell/oa/ixc013g2ng_stdcell/INVJIX0/functional/verilog.v lib:ixc013g2ng_stdcell cell:INVJIX0 view:functional"
		/users/enseig/galayko/cours_EACN/projet/cadence_ihp_sg13g2/cds/sim/project_EACN_SESI/ADC_SAR/maestro/results/maestro/ExplorerRun.0/1/project_EACN_SESI_ADC_SAR_1/netlist/.mapi//dummyMapi.vams
		/users/enseig/galayko/cours_EACN/projet/cadence_ihp_sg13g2/cds/sim/project_EACN_SESI/ADC_SAR/maestro/results/maestro/ExplorerRun.0/1/project_EACN_SESI_ADC_SAR_1/netlist/.mapi//dummyMapi.vhms
/users/enseig/galayko/cours_EACN/projet/cadence_ihp_sg13g2/cds/project_EACN_SESI/control/entity/vhdl.vhd:
	errors: 0, warnings: 0
\project_EACN_SESI\.CONTROL (entity):
	streams: 4, words: 87
\project_EACN_SESI\.CONTROL:BEHAVIORAL (architecture):
	streams: 1, words: 195
/users/enseig/galayko/cours_EACN/projet/cadence_ihp_sg13g2/cds/project_EACN_SESI/control/behavioral/vhdl.vhd:
	errors: 0, warnings: 0
\project_EACN_SESI\.CONTROL (entity):
	streams: 4, words: 87
\project_EACN_SESI\.CONTROL:BEHAVIORAL (architecture):
	streams: 1, words: 195
file: /users/enseig/galayko/cours_EACN/projet/cadence_ihp_sg13g2/cds/sim/project_EACN_SESI/ADC_SAR/maestro/results/maestro/ExplorerRun.0/1/project_EACN_SESI_ADC_SAR_1/netlist/.mapi//dummyMapi.vams
file: /users/soft/techno/dev/IHP/sg13/modules_SG13G2/ixc013g2ng_stdcell/oa/ixc013g2ng_stdcell/INVJIX1/functional/verilog.v
	module ixc013g2ng_stdcell.INVJIX1:functional
		errors: 0, warnings: 0
file: /users/soft/techno/dev/IHP/sg13/modules_SG13G2/ixc013g2ng_stdcell/oa/ixc013g2ng_stdcell/INVJIX0/functional/verilog.v
	module ixc013g2ng_stdcell.INVJIX0:functional
		errors: 0, warnings: 0
xmvlog: *W,SPDUSD: Include directory /users/enseig/galayko/cours_EACN/projet/cadence_ihp_sg13g2/cds/ given but not used.
	Total errors/warnings found outside modules and primitives:
		errors: 0, warnings: 1
TOOL:	xrun(64)	23.03-s013: Exiting on Apr 02, 2026 at 09:48:10 CEST  (total: 00:00:01)
