\o Program:		@(#)$CDS: libManager version 6.1.8 - CAT37 04/25/2024 14:34 (csvcm36c-7) $
\o Sub version:		sub-version  s364 
\o Arguments:		-mpssession virtuoso19387 -mpshost bop.soc.lip6.fr 
\o Working Directory:	bop.soc.lip6.fr:/users/cao/galayko/cadence_amsC35_projEACN
\o 64-bit offsets
\o Qt version: 		5.9.1
\o Log file is "/users/cao/galayko/cadence_amsC35_projEACN/libManager.log".
\o Opening libManager window.
\a nrSetCurrentWindow(cdsLibManager)
\a nrResizeWindow(cdsLibManager list(66 112 1877 1033))
\o MPS virtuoso types registered: 65
\o changeWorkingDir("/users/cao/galayko/cadence_amsC35_projEACN") unnecessary.
\o ddSetForcedLib("") unnecessary.
\o MPS service: map window
\o Library Manager customization server connected.
\w Warning: LIB PRIMLIB from File /users/cao/galayko/cadence_amsC35_projEACN/cds.lib Line 39 redefines
\w LIB PRIMLIB from the same file (defined earlier.)
\w Warning: LIB PRIMLIBRF from File /users/cao/galayko/cadence_amsC35_projEACN/cds.lib Line 40 redefines
\w LIB PRIMLIBRF from the same file (defined earlier.)
\w Warning: LIB ESDLIB from File /users/cao/galayko/cadence_amsC35_projEACN/cds.lib Line 41 redefines
\w LIB ESDLIB from the same file (defined earlier.)
\w Warning: LIB GATES from File /users/cao/galayko/cadence_amsC35_projEACN/cds.lib Line 42 redefines
\w LIB GATES from the same file (defined earlier.)
\w Warning: LIB CORELIBD from File /users/cao/galayko/cadence_amsC35_projEACN/cds.lib Line 43 redefines
\w LIB CORELIBD from the same file (defined earlier.)
\a cdsLibManager->libListBox->value = "project_EACN_SESI"
\a cdsLibManager->libLineEdit->value = "project_EACN_SESI"
\a cdsLibManager->cellListBox->value = "d_latch_top"
\a cdsLibManager->cellLineEdit->value = "d_latch_top"
\a cdsLibManager->cellListBox->value = "ADC_SAR"
\a cdsLibManager->cellLineEdit->value = "ADC_SAR"
\a cdsLibManager->viewListBox->value = "config"
\a cdsLibManager->viewLineEdit->value = "config"
\o MPS request: edit design
\a nrListItemAction(cdsLibManager->gdmXTView 0 1)
\a nrSetCurrentWindow(cdsLibManager)
\a nrSetCurrentWindow(cdsLibManager)
\a cdsLibManager->cellListBox->value = "d_latch_top"
\a cdsLibManager->cellLineEdit->value = "d_latch_top"
\a cdsLibManager->viewLineEdit->value = ""
\a cdsLibManager->viewListBox->value = nil
\a cdsLibManager->cellListBox->value = "control"
\a cdsLibManager->cellLineEdit->value = "control"
\a cdsLibManager->cellListBox->value = "SWITCH"
\a cdsLibManager->cellLineEdit->value = "SWITCH"
\a cdsLibManager->viewListBox->value = "schematic"
\a cdsLibManager->viewLineEdit->value = "schematic"
\o MPS request: edit design
\a nrListItemAction(cdsLibManager->gdmXTView 0 7)
\a nrSetCurrentWindow(cdsLibManager)
\a nrSetCurrentWindow(cdsLibManager)
\a nrSetCurrentWindow(cdsLibManager)
\a nrSetCurrentWindow(cdsLibManager)
\a cdsLibManager->libListBox->value = "CORELIBD"
\a cdsLibManager->libLineEdit->value = "CORELIBD"
\a cdsLibManager->cellLineEdit->value = ""
\a cdsLibManager->cellListBox->value = nil
\a cdsLibManager->viewLineEdit->value = ""
\a cdsLibManager->viewListBox->value = nil
\a nrSetWindowVisibility(cdsLibManager "hide")
\a _lmgrCloseIconify("cdsLibManager" 1)
\a nrSetWindowVisibility(cdsLibManager "show")
\a nrSetCurrentWindow(cdsLibManager)
\a cdsLibManager->libListBox->value = "project_EACN_SESI"
\a cdsLibManager->libLineEdit->value = "project_EACN_SESI"
\a cdsLibManager->cellListBox->value = "control"
\a cdsLibManager->cellLineEdit->value = "control"
\a cdsLibManager->cellListBox->value = "SWITCH"
\a cdsLibManager->cellLineEdit->value = "SWITCH"
\a cdsLibManager->viewListBox->value = "schematic"
\a cdsLibManager->viewLineEdit->value = "schematic"
\a cdsLibManager->cellListBox->value = "ADC_SAR"
\a cdsLibManager->cellLineEdit->value = "ADC_SAR"
\a cdsLibManager->viewLineEdit->value = ""
\a cdsLibManager->viewListBox->value = nil
\a cdsLibManager->viewListBox->value = "schematic"
\a cdsLibManager->viewLineEdit->value = "schematic"
\a cdsLibManager->cellListBox->value = "d_latch_top"
\a cdsLibManager->cellLineEdit->value = "d_latch_top"
\a cdsLibManager->viewLineEdit->value = ""
\a cdsLibManager->viewListBox->value = nil
\a cdsLibManager->cellListBox->value = "SWITCH"
\a cdsLibManager->cellLineEdit->value = "SWITCH"
\a cdsLibManager->viewListBox->value = "schematic"
\a cdsLibManager->viewLineEdit->value = "schematic"
\a cdsLibManager->viewListBox->value = nil
\a cdsLibManager->viewLineEdit->value = ""
\a cdsLibManager->viewListBox->value = "schematic"
\a cdsLibManager->viewLineEdit->value = "schematic"
\o MPS request: edit design
\a nrListItemAction(cdsLibManager->gdmXTView 0 0)
\a nrSetCurrentWindow(cdsLibManager)
\a nrSetCurrentWindow(cdsLibManager)
\a nrSetCurrentWindow(cdsLibManager)
\a nrSetCurrentWindow(cdsLibManager)
\a cdsLibManager->viewListBox->value = nil
\a cdsLibManager->viewLineEdit->value = ""
\a cdsLibManager->viewListBox->value = "schematic"
\a cdsLibManager->viewLineEdit->value = "schematic"
\o MPS request: edit design
\a nrListItemAction(cdsLibManager->gdmXTView 0 0)
\a nrSetCurrentWindow(cdsLibManager)
\a nrSetCurrentWindow(cdsLibManager)
\a nrSetCurrentWindow(cdsLibManager)
\a cdsLibManager->libListBox->value = nil
\a cdsLibManager->libLineEdit->value = ""
\a cdsLibManager->cellListBox->value = nil
\a cdsLibManager->viewLineEdit->value = ""
\a cdsLibManager->viewListBox->value = nil
\a cdsLibManager->cellLineEdit->value = ""
\w Warning: LIB PRIMLIB from File /users/cao/galayko/cadence_amsC35_projEACN/cds.lib Line 39 redefines
\w LIB PRIMLIB from the same file (defined earlier.)
\w Warning: LIB PRIMLIBRF from File /users/cao/galayko/cadence_amsC35_projEACN/cds.lib Line 40 redefines
\w LIB PRIMLIBRF from the same file (defined earlier.)
\w Warning: LIB ESDLIB from File /users/cao/galayko/cadence_amsC35_projEACN/cds.lib Line 41 redefines
\w LIB ESDLIB from the same file (defined earlier.)
\w Warning: LIB GATES from File /users/cao/galayko/cadence_amsC35_projEACN/cds.lib Line 42 redefines
\w LIB GATES from the same file (defined earlier.)
\w Warning: LIB CORELIBD from File /users/cao/galayko/cadence_amsC35_projEACN/cds.lib Line 43 redefines
\w LIB CORELIBD from the same file (defined earlier.)
\a cdsLibManager->libListBox->value = "project_EACN_SESI"
\a cdsLibManager->libLineEdit->value = "project_EACN_SESI"
\a cdsLibManager->cellListBox->value = "SWITCH"
\a cdsLibManager->cellLineEdit->value = "SWITCH"
\a cdsLibManager->viewListBox->value = "schematic"
\a cdsLibManager->viewLineEdit->value = "schematic"
\a cdsLibManager->viewLineEdit->value = ""
\a cdsLibManager->viewListBox->value = nil
\a cdsLibManager->viewListBox->value = "schematic"
\a cdsLibManager->viewLineEdit->value = "schematic"
\a nrSetCurrentWindow(cdsLibManager)
\a cdsLibManager->cellListBox->value = "ADC_SAR"
\a cdsLibManager->cellLineEdit->value = "ADC_SAR"
\a cdsLibManager->viewLineEdit->value = ""
\a cdsLibManager->viewListBox->value = nil
\a cdsLibManager->viewListBox->value = "schematic"
\a cdsLibManager->viewLineEdit->value = "schematic"
\a cdsLibManager->viewListBox->value = nil
\a cdsLibManager->viewLineEdit->value = ""
\a cdsLibManager->viewListBox->value = "schematic"
\a cdsLibManager->viewLineEdit->value = "schematic"
\o MPS request: edit design
\a nrListItemAction(cdsLibManager->gdmXTView 1 1)
\a nrSetCurrentWindow(cdsLibManager)
\a nrSetCurrentWindow(cdsLibManager)
\a nrSetCurrentWindow(cdsLibManager)
\a cdsLibManager->viewListBox->value = "config"
\a cdsLibManager->viewLineEdit->value = "config"
\o MPS request: edit design
\a nrListItemAction(cdsLibManager->gdmXTView 0 7)
\a nrSetCurrentWindow(cdsLibManager)
\a nrSetCurrentWindow(cdsLibManager)
\a cdsLibManager->cellListBox->value = "SWITCH"
\a cdsLibManager->cellLineEdit->value = "SWITCH"
\a cdsLibManager->viewLineEdit->value = ""
\a cdsLibManager->viewListBox->value = nil
\a cdsLibManager->viewListBox->value = "schematic"
\a cdsLibManager->viewLineEdit->value = "schematic"
\o MPS request: edit design
\a nrListItemAction(cdsLibManager->gdmXTView 0 1)
\a nrSetCurrentWindow(cdsLibManager)
\a nrSetCurrentWindow(cdsLibManager)
\a nrSetCurrentWindow(cdsLibManager)
\a cdsLibManager->cellListBox->value = "ADC_SAR"
\a cdsLibManager->cellLineEdit->value = "ADC_SAR"
\a cdsLibManager->viewLineEdit->value = ""
\a cdsLibManager->viewListBox->value = nil
\a cdsLibManager->viewListBox->value = "schematic"
\a cdsLibManager->viewLineEdit->value = "schematic"
\a cdsLibManager->viewListBox->value = "config"
\a cdsLibManager->viewLineEdit->value = "config"
\a cdsLibManager->viewListBox->value = nil
\a cdsLibManager->viewLineEdit->value = ""
\a cdsLibManager->viewListBox->value = "config"
\a cdsLibManager->viewLineEdit->value = "config"
\o MPS request: edit design
\a nrListItemAction(cdsLibManager->gdmXTView 0 1)
\a nrSetCurrentWindow(cdsLibManager)
