
---

ncvlog: *W,BDLPAT: no such path (hdl.var LIB_MAP) '<empty path>'.
ncvlog: *W,BDLPAT: no such path (hdl.var LIB_MAP) '<empty path>'.
ncvlog: *W,BDLPAT: no such path (hdl.var LIB_MAP) '<empty path>'.
file: ./INCA_libs/AMSD/ams_spice_in/amscb_ie_crules.vams
	connect worklib.logic_cr:vams
		errors: 0, warnings: 0
	Total errors/warnings found outside modules and primitives:
		errors: 0, warnings: 3

---

ncvlog: *W,BDLPAT: no such path (hdl.var LIB_MAP) '<empty path>'.
ncvlog: *W,BDLPAT: no such path (hdl.var LIB_MAP) '<empty path>'.
ncvlog: *W,BDLPAT: no such path (hdl.var LIB_MAP) '<empty path>'.
file: ./INCA_libs/AMSD/ams_spice_in/amscb_ie_crules.vams
	connect worklib.logic_cr:vams
		errors: 0, warnings: 0
	Total errors/warnings found outside modules and primitives:
		errors: 0, warnings: 3

---

ncvlog: *W,BDLPAT: no such path (hdl.var LIB_MAP) '<empty path>'.
ncvlog: *W,BDLPAT: no such path (hdl.var LIB_MAP) '<empty path>'.
ncvlog: *W,BDLPAT: no such path (hdl.var LIB_MAP) '<empty path>'.
file: ./INCA_libs/AMSD/ams_spice_in/amscb_ie_crules.vams
	connect worklib.logic_cr:vams
		errors: 0, warnings: 0
	Total errors/warnings found outside modules and primitives:
		errors: 0, warnings: 3

---

ncvlog: *W,BDLPAT: no such path (hdl.var LIB_MAP) '<empty path>'.
ncvlog: *W,BDLPAT: no such path (hdl.var LIB_MAP) '<empty path>'.
ncvlog: *W,BDLPAT: no such path (hdl.var LIB_MAP) '<empty path>'.
file: ./INCA_libs/AMSD/ams_spice_in/amscb_ie_crules.vams
	connect worklib.logic_cr:vams
		errors: 0, warnings: 0
	Total errors/warnings found outside modules and primitives:
		errors: 0, warnings: 3

---

ncvlog: *W,BDLPAT: no such path (hdl.var LIB_MAP) '<empty path>'.
ncvlog: *W,BDLPAT: no such path (hdl.var LIB_MAP) '<empty path>'.
ncvlog: *W,BDLPAT: no such path (hdl.var LIB_MAP) '<empty path>'.
file: ./INCA_libs/AMSD/ams_spice_in/amscb_ie_crules.vams
	connect worklib.logic_cr:vams
		errors: 0, warnings: 0
	Total errors/warnings found outside modules and primitives:
		errors: 0, warnings: 3

---

ncvlog: *W,BDLPAT: no such path (hdl.var LIB_MAP) '<empty path>'.
ncvlog: *W,BDLPAT: no such path (hdl.var LIB_MAP) '<empty path>'.
ncvlog: *W,BDLPAT: no such path (hdl.var LIB_MAP) '<empty path>'.
file: ./INCA_libs/AMSD/ams_spice_in/amscb_ie_crules.vams
	connect worklib.logic_cr:vams
		errors: 0, warnings: 0
	Total errors/warnings found outside modules and primitives:
		errors: 0, warnings: 3

---

ncvlog: *W,BDLPAT: no such path (hdl.var LIB_MAP) '<empty path>'.
ncvlog: *W,BDLPAT: no such path (hdl.var LIB_MAP) '<empty path>'.
ncvlog: *W,BDLPAT: no such path (hdl.var LIB_MAP) '<empty path>'.
file: ./INCA_libs/AMSD/ams_spice_in/amscb_ie_crules.vams
	connect worklib.logic_cr:vams
		errors: 0, warnings: 0
	Total errors/warnings found outside modules and primitives:
		errors: 0, warnings: 3

---

ncvlog: *W,BDLPAT: no such path (hdl.var LIB_MAP) '<empty path>'.
ncvlog: *W,BDLPAT: no such path (hdl.var LIB_MAP) '<empty path>'.
ncvlog: *W,BDLPAT: no such path (hdl.var LIB_MAP) '<empty path>'.
file: ./INCA_libs/AMSD/ams_spice_in/amscb_ie_crules.vams
	connect worklib.logic_cr:vams
		errors: 0, warnings: 0
	Total errors/warnings found outside modules and primitives:
		errors: 0, warnings: 3
